\BOOKMARK [1][-]{section*.1}{Declaration}{}% 1
\BOOKMARK [1][-]{section*.2}{Acknowledgements}{}% 2
\BOOKMARK [1][-]{section*.3}{Contents}{}% 3
\BOOKMARK [1][-]{section*.5}{List of Abbreviations}{}% 4
\BOOKMARK [1][-]{section*.5}{Abstract}{}% 5
\BOOKMARK [1][-]{section.1}{Introduction}{}% 6
\BOOKMARK [2][-]{subsection.1.1}{Background}{section.1}% 7
\BOOKMARK [2][-]{subsection.1.2}{The Game}{section.1}% 8
\BOOKMARK [2][-]{subsection.1.3}{Aims and Objectives}{section.1}% 9
\BOOKMARK [1][-]{section.2}{Theory / Methods}{}% 10
\BOOKMARK [2][-]{subsection.2.1}{Data Collection}{section.2}% 11
\BOOKMARK [2][-]{subsection.2.2}{Theory Behind Strategy}{section.2}% 12
\BOOKMARK [2][-]{subsection.2.3}{Development of Strategy}{section.2}% 13
\BOOKMARK [2][-]{subsection.2.4}{Analysis Code Theory}{section.2}% 14
\BOOKMARK [1][-]{section.3}{Analysis}{}% 15
\BOOKMARK [2][-]{subsection.3.1}{Using Data to Understand the Game}{section.3}% 16
\BOOKMARK [2][-]{subsection.3.2}{Features Discovered Through Analysis}{section.3}% 17
\BOOKMARK [2][-]{subsection.3.3}{Analysis of Strategies}{section.3}% 18
\BOOKMARK [2][-]{subsection.3.4}{The Cooperation Experiment}{section.3}% 19
\BOOKMARK [1][-]{section.4}{Findings}{}% 20
\BOOKMARK [2][-]{subsection.4.1}{Final Jersey Scores}{section.4}% 21
\BOOKMARK [2][-]{subsection.4.2}{Suggested Improvements to the Strategy}{section.4}% 22
\BOOKMARK [2][-]{subsection.4.3}{Limitations of the Model}{section.4}% 23
\BOOKMARK [2][-]{subsection.4.4}{Applying the Model to Asteroid Mining}{section.4}% 24
\BOOKMARK [1][-]{section.5}{Conclusion}{}% 25
\BOOKMARK [1][-]{section.6}{References}{}% 26
\BOOKMARK [1][-]{section.7}{Appendices}{}% 27
\BOOKMARK [2][-]{section*.36}{A. \040The Python Program}{section.7}% 28
\BOOKMARK [2][-]{section*.37}{B. \040Strategies}{section.7}% 29
\BOOKMARK [2][-]{section*.42}{C. \040Data Visualizations}{section.7}% 30
\BOOKMARK [2][-]{section*.43}{D. \040Key Result Enlarged}{section.7}% 31
