This is pdfTeX, Version 3.14159265-2.6-1.40.19 (TeX Live 2018) (preloaded format=pdflatex 2018.11.27)  3 MAY 2019 23:32
entering extended mode
 restricted \write18 enabled.
 %&-line parsing enabled.
**main.tex
(./main.tex
LaTeX2e <2018-04-01> patch level 2
Babel <3.18> and hyphenation patterns for 84 language(s) loaded.
(/usr/local/texlive/2018/texmf-dist/tex/latex/base/article.cls
Document Class: article 2014/09/29 v1.4h Standard LaTeX document class
(/usr/local/texlive/2018/texmf-dist/tex/latex/base/size11.clo
File: size11.clo 2014/09/29 v1.4h Standard LaTeX file (size option)
)
\c@part=\count80
\c@section=\count81
\c@subsection=\count82
\c@subsubsection=\count83
\c@paragraph=\count84
\c@subparagraph=\count85
\c@figure=\count86
\c@table=\count87
\abovecaptionskip=\skip41
\belowcaptionskip=\skip42
\bibindent=\dimen102
)
(/usr/local/texlive/2018/texmf-dist/tex/generic/babel/babel.sty
Package: babel 2018/02/14 3.18 The Babel package

(/usr/local/texlive/2018/texmf-dist/tex/generic/babel/switch.def
File: switch.def 2018/02/14 3.18 Babel switching mechanism
)
(/usr/local/texlive/2018/texmf-dist/tex/generic/babel-english/english.ldf
Language: english 2017/06/06 v3.3r English support from the babel system

(/usr/local/texlive/2018/texmf-dist/tex/generic/babel/babel.def
File: babel.def 2018/02/14 3.18 Babel common definitions
\babel@savecnt=\count88
\U@D=\dimen103

(/usr/local/texlive/2018/texmf-dist/tex/generic/babel/txtbabel.def)
\bbl@dirlevel=\count89
)
\l@canadian = a dialect from \language\l@american 
\l@australian = a dialect from \language\l@british 
\l@newzealand = a dialect from \language\l@british 
))
(/usr/local/texlive/2018/texmf-dist/tex/latex/url/url.sty
\Urlmuskip=\muskip10
Package: url 2013/09/16  ver 3.4  Verb mode for urls, etc.
)
(/usr/local/texlive/2018/texmf-dist/tex/latex/base/inputenc.sty
Package: inputenc 2018/04/06 v1.3b Input encoding file
\inpenc@prehook=\toks14
\inpenc@posthook=\toks15

(/usr/local/texlive/2018/texmf-dist/tex/latex/ucs/utf8x.def
File: utf8x.def 2004/10/17 UCS: Input encoding UTF-8
))
(/usr/local/texlive/2018/texmf-dist/tex/latex/ucs/ucs.sty
Package: ucs 2013/05/11 v2.2 UCS: Unicode input support

(/usr/local/texlive/2018/texmf-dist/tex/latex/ucs/data/uni-global.def
File: uni-global.def 2013/05/13 UCS: Unicode global data
)
\uc@secondtry=\count90
\uc@combtoks=\toks16
\uc@combtoksb=\toks17
\uc@temptokena=\toks18
)
(/usr/local/texlive/2018/texmf-dist/tex/latex/amsmath/amsmath.sty
Package: amsmath 2017/09/02 v2.17a AMS math features
\@mathmargin=\skip43

For additional information on amsmath, use the `?' option.
(/usr/local/texlive/2018/texmf-dist/tex/latex/amsmath/amstext.sty
Package: amstext 2000/06/29 v2.01 AMS text

(/usr/local/texlive/2018/texmf-dist/tex/latex/amsmath/amsgen.sty
File: amsgen.sty 1999/11/30 v2.0 generic functions
\@emptytoks=\toks19
\ex@=\dimen104
))
(/usr/local/texlive/2018/texmf-dist/tex/latex/amsmath/amsbsy.sty
Package: amsbsy 1999/11/29 v1.2d Bold Symbols
\pmbraise@=\dimen105
)
(/usr/local/texlive/2018/texmf-dist/tex/latex/amsmath/amsopn.sty
Package: amsopn 2016/03/08 v2.02 operator names
)
\inf@bad=\count91
LaTeX Info: Redefining \frac on input line 213.
\uproot@=\count92
\leftroot@=\count93
LaTeX Info: Redefining \overline on input line 375.
\classnum@=\count94
\DOTSCASE@=\count95
LaTeX Info: Redefining \ldots on input line 472.
LaTeX Info: Redefining \dots on input line 475.
LaTeX Info: Redefining \cdots on input line 596.
\Mathstrutbox@=\box26
\strutbox@=\box27
\big@size=\dimen106
LaTeX Font Info:    Redeclaring font encoding OML on input line 712.
LaTeX Font Info:    Redeclaring font encoding OMS on input line 713.
\macc@depth=\count96
\c@MaxMatrixCols=\count97
\dotsspace@=\muskip11
\c@parentequation=\count98
\dspbrk@lvl=\count99
\tag@help=\toks20
\row@=\count100
\column@=\count101
\maxfields@=\count102
\andhelp@=\toks21
\eqnshift@=\dimen107
\alignsep@=\dimen108
\tagshift@=\dimen109
\tagwidth@=\dimen110
\totwidth@=\dimen111
\lineht@=\dimen112
\@envbody=\toks22
\multlinegap=\skip44
\multlinetaggap=\skip45
\mathdisplay@stack=\toks23
LaTeX Info: Redefining \[ on input line 2817.
LaTeX Info: Redefining \] on input line 2818.
)
(/usr/local/texlive/2018/texmf-dist/tex/latex/graphics/graphicx.sty
Package: graphicx 2017/06/01 v1.1a Enhanced LaTeX Graphics (DPC,SPQR)

(/usr/local/texlive/2018/texmf-dist/tex/latex/graphics/keyval.sty
Package: keyval 2014/10/28 v1.15 key=value parser (DPC)
\KV@toks@=\toks24
)
(/usr/local/texlive/2018/texmf-dist/tex/latex/graphics/graphics.sty
Package: graphics 2017/06/25 v1.2c Standard LaTeX Graphics (DPC,SPQR)

(/usr/local/texlive/2018/texmf-dist/tex/latex/graphics/trig.sty
Package: trig 2016/01/03 v1.10 sin cos tan (DPC)
)
(/usr/local/texlive/2018/texmf-dist/tex/latex/graphics-cfg/graphics.cfg
File: graphics.cfg 2016/06/04 v1.11 sample graphics configuration
)
Package graphics Info: Driver file: pdftex.def on input line 99.

(/usr/local/texlive/2018/texmf-dist/tex/latex/graphics-def/pdftex.def
File: pdftex.def 2018/01/08 v1.0l Graphics/color driver for pdftex
))
\Gin@req@height=\dimen113
\Gin@req@width=\dimen114
)
(/usr/local/texlive/2018/texmf-dist/tex/latex/caption/subcaption.sty
Package: subcaption 2016/05/22 v1.1-161 Sub-captions (AR)

(/usr/local/texlive/2018/texmf-dist/tex/latex/caption/caption.sty
Package: caption 2016/02/21 v3.3-144 Customizing captions (AR)

(/usr/local/texlive/2018/texmf-dist/tex/latex/caption/caption3.sty
Package: caption3 2016/05/22 v1.7-166 caption3 kernel (AR)
Package caption3 Info: TeX engine: e-TeX on input line 67.
\captionmargin=\dimen115
\captionmargin@=\dimen116
\captionwidth=\dimen117
\caption@tempdima=\dimen118
\caption@indent=\dimen119
\caption@parindent=\dimen120
\caption@hangindent=\dimen121
)
\c@ContinuedFloat=\count103
)
\c@subfigure=\count104
\c@subtable=\count105
)
(/usr/local/texlive/2018/texmf-dist/tex/latex/parskip/parskip.sty
Package: parskip 2001/04/09 non-zero parskip adjustments
)
(/usr/local/texlive/2018/texmf-dist/tex/latex/fancyhdr/fancyhdr.sty
Package: fancyhdr 2017/06/30 v3.9a Extensive control of page headers and footer
s
\f@nch@headwidth=\skip46
\f@nch@O@elh=\skip47
\f@nch@O@erh=\skip48
\f@nch@O@olh=\skip49
\f@nch@O@orh=\skip50
\f@nch@O@elf=\skip51
\f@nch@O@erf=\skip52
\f@nch@O@olf=\skip53
\f@nch@O@orf=\skip54
)
(/usr/local/texlive/2018/texmf-dist/tex/latex/geometry/geometry.sty
Package: geometry 2018/03/24 v5.7 Page Geometry

(/usr/local/texlive/2018/texmf-dist/tex/generic/oberdiek/ifpdf.sty
Package: ifpdf 2017/03/15 v3.2 Provides the ifpdf switch
)
(/usr/local/texlive/2018/texmf-dist/tex/generic/oberdiek/ifvtex.sty
Package: ifvtex 2016/05/16 v1.6 Detect VTeX and its facilities (HO)
Package ifvtex Info: VTeX not detected.
)
(/usr/local/texlive/2018/texmf-dist/tex/generic/ifxetex/ifxetex.sty
Package: ifxetex 2010/09/12 v0.6 Provides ifxetex conditional
)
\Gm@cnth=\count106
\Gm@cntv=\count107
\c@Gm@tempcnt=\count108
\Gm@bindingoffset=\dimen122
\Gm@wd@mp=\dimen123
\Gm@odd@mp=\dimen124
\Gm@even@mp=\dimen125
\Gm@layoutwidth=\dimen126
\Gm@layoutheight=\dimen127
\Gm@layouthoffset=\dimen128
\Gm@layoutvoffset=\dimen129
\Gm@dimlist=\toks25
)
(/usr/local/texlive/2018/texmf-dist/tex/latex/nomencl/nomencl.sty
Package: nomencl 2005/09/22 v4.2 Nomenclature package (LN)
\nomlabelwidth=\dimen130
\nom@tempdim=\dimen131
\nomitemsep=\skip55
)
(/usr/local/texlive/2018/texmf-dist/tex/latex/hyperref/hyperref.sty
Package: hyperref 2018/02/06 v6.86b Hypertext links for LaTeX

(/usr/local/texlive/2018/texmf-dist/tex/generic/oberdiek/hobsub-hyperref.sty
Package: hobsub-hyperref 2016/05/16 v1.14 Bundle oberdiek, subset hyperref (HO)


(/usr/local/texlive/2018/texmf-dist/tex/generic/oberdiek/hobsub-generic.sty
Package: hobsub-generic 2016/05/16 v1.14 Bundle oberdiek, subset generic (HO)
Package: hobsub 2016/05/16 v1.14 Construct package bundles (HO)
Package: infwarerr 2016/05/16 v1.4 Providing info/warning/error messages (HO)
Package: ltxcmds 2016/05/16 v1.23 LaTeX kernel commands for general use (HO)
Package: ifluatex 2016/05/16 v1.4 Provides the ifluatex switch (HO)
Package ifluatex Info: LuaTeX not detected.
Package hobsub Info: Skipping package `ifvtex' (already loaded).
Package: intcalc 2016/05/16 v1.2 Expandable calculations with integers (HO)
Package hobsub Info: Skipping package `ifpdf' (already loaded).
Package: etexcmds 2016/05/16 v1.6 Avoid name clashes with e-TeX commands (HO)
Package etexcmds Info: Could not find \expanded.
(etexcmds)             That can mean that you are not using pdfTeX 1.50 or
(etexcmds)             that some package has redefined \expanded.
(etexcmds)             In the latter case, load this package earlier.
Package: kvsetkeys 2016/05/16 v1.17 Key value parser (HO)
Package: kvdefinekeys 2016/05/16 v1.4 Define keys (HO)
Package: pdftexcmds 2018/01/30 v0.27 Utility functions of pdfTeX for LuaTeX (HO
)
Package pdftexcmds Info: LuaTeX not detected.
Package pdftexcmds Info: \pdf@primitive is available.
Package pdftexcmds Info: \pdf@ifprimitive is available.
Package pdftexcmds Info: \pdfdraftmode found.
Package: pdfescape 2016/05/16 v1.14 Implements pdfTeX's escape features (HO)
Package: bigintcalc 2016/05/16 v1.4 Expandable calculations on big integers (HO
)
Package: bitset 2016/05/16 v1.2 Handle bit-vector datatype (HO)
Package: uniquecounter 2016/05/16 v1.3 Provide unlimited unique counter (HO)
)
Package hobsub Info: Skipping package `hobsub' (already loaded).
Package: letltxmacro 2016/05/16 v1.5 Let assignment for LaTeX macros (HO)
Package: hopatch 2016/05/16 v1.3 Wrapper for package hooks (HO)
Package: xcolor-patch 2016/05/16 xcolor patch
Package: atveryend 2016/05/16 v1.9 Hooks at the very end of document (HO)
Package atveryend Info: \enddocument detected (standard20110627).
Package: atbegshi 2016/06/09 v1.18 At begin shipout hook (HO)
Package: refcount 2016/05/16 v3.5 Data extraction from label references (HO)
Package: hycolor 2016/05/16 v1.8 Color options for hyperref/bookmark (HO)
)
(/usr/local/texlive/2018/texmf-dist/tex/latex/oberdiek/auxhook.sty
Package: auxhook 2016/05/16 v1.4 Hooks for auxiliary files (HO)
)
(/usr/local/texlive/2018/texmf-dist/tex/latex/oberdiek/kvoptions.sty
Package: kvoptions 2016/05/16 v3.12 Key value format for package options (HO)
)
\@linkdim=\dimen132
\Hy@linkcounter=\count109
\Hy@pagecounter=\count110

(/usr/local/texlive/2018/texmf-dist/tex/latex/hyperref/pd1enc.def
File: pd1enc.def 2018/02/06 v6.86b Hyperref: PDFDocEncoding definition (HO)
)
\Hy@SavedSpaceFactor=\count111

(/usr/local/texlive/2018/texmf-dist/tex/latex/latexconfig/hyperref.cfg
File: hyperref.cfg 2002/06/06 v1.2 hyperref configuration of TeXLive
)
Package hyperref Info: Option `breaklinks' set `true' on input line 4383.
Package hyperref Info: Hyper figures OFF on input line 4509.
Package hyperref Info: Link nesting OFF on input line 4514.
Package hyperref Info: Hyper index ON on input line 4517.
Package hyperref Info: Plain pages OFF on input line 4524.
Package hyperref Info: Backreferencing OFF on input line 4529.
Package hyperref Info: Implicit mode ON; LaTeX internals redefined.
Package hyperref Info: Bookmarks ON on input line 4762.
\c@Hy@tempcnt=\count112
LaTeX Info: Redefining \url on input line 5115.
\XeTeXLinkMargin=\dimen133
\Fld@menulength=\count113
\Field@Width=\dimen134
\Fld@charsize=\dimen135
Package hyperref Info: Hyper figures OFF on input line 6369.
Package hyperref Info: Link nesting OFF on input line 6374.
Package hyperref Info: Hyper index ON on input line 6377.
Package hyperref Info: backreferencing OFF on input line 6384.
Package hyperref Info: Link coloring OFF on input line 6389.
Package hyperref Info: Link coloring with OCG OFF on input line 6394.
Package hyperref Info: PDF/A mode OFF on input line 6399.
LaTeX Info: Redefining \ref on input line 6439.
LaTeX Info: Redefining \pageref on input line 6443.
\Hy@abspage=\count114
\c@Item=\count115
\c@Hfootnote=\count116
)
Package hyperref Info: Driver (autodetected): hpdftex.

(/usr/local/texlive/2018/texmf-dist/tex/latex/hyperref/hpdftex.def
File: hpdftex.def 2018/02/06 v6.86b Hyperref driver for pdfTeX
\Fld@listcount=\count117
\c@bookmark@seq@number=\count118

(/usr/local/texlive/2018/texmf-dist/tex/latex/oberdiek/rerunfilecheck.sty
Package: rerunfilecheck 2016/05/16 v1.8 Rerun checks for auxiliary files (HO)
Package uniquecounter Info: New unique counter `rerunfilecheck' on input line 2
82.
)
\Hy@SectionHShift=\skip56
)
(/usr/local/texlive/2018/texmf-dist/tex/latex/tocbibind/tocbibind.sty
Package: tocbibind 2010/10/13 v1.5k extra ToC listings
Package tocbibind Info: The document has section divisions on input line 50.


Package tocbibind Note: Using section or other style headings.

) (/usr/local/texlive/2018/texmf-dist/tex/latex/booktabs/booktabs.sty
Package: booktabs 2016/04/27 v1.618033 publication quality tables
\heavyrulewidth=\dimen136
\lightrulewidth=\dimen137
\cmidrulewidth=\dimen138
\belowrulesep=\dimen139
\belowbottomsep=\dimen140
\aboverulesep=\dimen141
\abovetopsep=\dimen142
\cmidrulesep=\dimen143
\cmidrulekern=\dimen144
\defaultaddspace=\dimen145
\@cmidla=\count119
\@cmidlb=\count120
\@aboverulesep=\dimen146
\@belowrulesep=\dimen147
\@thisruleclass=\count121
\@lastruleclass=\count122
\@thisrulewidth=\dimen148
)
(/usr/local/texlive/2018/texmf-dist/tex/latex/tools/longtable.sty
Package: longtable 2014/10/28 v4.11 Multi-page Table package (DPC)
\LTleft=\skip57
\LTright=\skip58
\LTpre=\skip59
\LTpost=\skip60
\LTchunksize=\count123
\LTcapwidth=\dimen149
\LT@head=\box28
\LT@firsthead=\box29
\LT@foot=\box30
\LT@lastfoot=\box31
\LT@cols=\count124
\LT@rows=\count125
\c@LT@tables=\count126
\c@LT@chunks=\count127
\LT@p@ftn=\toks26
)
(/usr/local/texlive/2018/texmf-dist/tex/latex/tools/array.sty
Package: array 2018/04/07 v2.4g Tabular extension package (FMi)
\col@sep=\dimen150
\ar@mcellbox=\box32
\extrarowheight=\dimen151
\NC@list=\toks27
\extratabsurround=\skip61
\backup@length=\skip62
\ar@cellbox=\box33
)
(/usr/local/texlive/2018/texmf-dist/tex/latex/setspace/setspace.sty
Package: setspace 2011/12/19 v6.7a set line spacing
)
(/usr/local/texlive/2018/texmf-dist/tex/latex/tools/multicol.sty
Package: multicol 2018/04/01 v1.8r multicolumn formatting (FMi)
\c@tracingmulticols=\count128
\mult@box=\box34
\multicol@leftmargin=\dimen152
\c@unbalance=\count129
\c@collectmore=\count130
\doublecol@number=\count131
\multicoltolerance=\count132
\multicolpretolerance=\count133
\full@width=\dimen153
\page@free=\dimen154
\premulticols=\dimen155
\postmulticols=\dimen156
\multicolsep=\skip63
\multicolbaselineskip=\skip64
\partial@page=\box35
\last@line=\box36
\maxbalancingoverflow=\dimen157
\mult@rightbox=\box37
\mult@grightbox=\box38
\mult@gfirstbox=\box39
\mult@firstbox=\box40
\@tempa=\box41
\@tempa=\box42
\@tempa=\box43
\@tempa=\box44
\@tempa=\box45
\@tempa=\box46
\@tempa=\box47
\@tempa=\box48
\@tempa=\box49
\@tempa=\box50
\@tempa=\box51
\@tempa=\box52
\@tempa=\box53
\@tempa=\box54
\@tempa=\box55
\@tempa=\box56
\@tempa=\box57
\c@columnbadness=\count134
\c@finalcolumnbadness=\count135
\last@try=\dimen158
\multicolovershoot=\dimen159
\multicolundershoot=\dimen160
\mult@nat@firstbox=\box58
\colbreak@box=\box59
\mc@col@check@num=\count136
) (./main.aux)
\openout1 = `main.aux'.

LaTeX Font Info:    Checking defaults for OML/cmm/m/it on input line 44.
LaTeX Font Info:    ... okay on input line 44.
LaTeX Font Info:    Checking defaults for T1/cmr/m/n on input line 44.
LaTeX Font Info:    ... okay on input line 44.
LaTeX Font Info:    Checking defaults for OT1/cmr/m/n on input line 44.
LaTeX Font Info:    ... okay on input line 44.
LaTeX Font Info:    Checking defaults for OMS/cmsy/m/n on input line 44.
LaTeX Font Info:    ... okay on input line 44.
LaTeX Font Info:    Checking defaults for OMX/cmex/m/n on input line 44.
LaTeX Font Info:    ... okay on input line 44.
LaTeX Font Info:    Checking defaults for U/cmr/m/n on input line 44.
LaTeX Font Info:    ... okay on input line 44.
LaTeX Font Info:    Checking defaults for PD1/pdf/m/n on input line 44.
LaTeX Font Info:    ... okay on input line 44.

(/usr/local/texlive/2018/texmf-dist/tex/latex/ucs/ucsencs.def
File: ucsencs.def 2011/01/21 Fixes to fontencodings LGR, T3
)
(/usr/local/texlive/2018/texmf-dist/tex/context/base/mkii/supp-pdf.mkii
[Loading MPS to PDF converter (version 2006.09.02).]
\scratchcounter=\count137
\scratchdimen=\dimen161
\scratchbox=\box60
\nofMPsegments=\count138
\nofMParguments=\count139
\everyMPshowfont=\toks28
\MPscratchCnt=\count140
\MPscratchDim=\dimen162
\MPnumerator=\count141
\makeMPintoPDFobject=\count142
\everyMPtoPDFconversion=\toks29
) (/usr/local/texlive/2018/texmf-dist/tex/latex/oberdiek/epstopdf-base.sty
Package: epstopdf-base 2016/05/15 v2.6 Base part for package epstopdf

(/usr/local/texlive/2018/texmf-dist/tex/latex/oberdiek/grfext.sty
Package: grfext 2016/05/16 v1.2 Manage graphics extensions (HO)
)
Package epstopdf-base Info: Redefining graphics rule for `.eps' on input line 4
38.
Package grfext Info: Graphics extension search list:
(grfext)             [.pdf,.png,.jpg,.mps,.jpeg,.jbig2,.jb2,.PDF,.PNG,.JPG,.JPE
G,.JBIG2,.JB2,.eps]
(grfext)             \AppendGraphicsExtensions on input line 456.

(/usr/local/texlive/2018/texmf-dist/tex/latex/latexconfig/epstopdf-sys.cfg
File: epstopdf-sys.cfg 2010/07/13 v1.3 Configuration of (r)epstopdf for TeX Liv
e
))
Package caption Info: Begin \AtBeginDocument code.
Package caption Info: hyperref package is loaded.
Package caption Info: longtable package is loaded.

(/usr/local/texlive/2018/texmf-dist/tex/latex/caption/ltcaption.sty
Package: ltcaption 2013/06/09 v1.4-94 longtable captions (AR)
)
Package caption Info: End \AtBeginDocument code.

*geometry* driver: auto-detecting
*geometry* detected driver: pdftex
*geometry* verbose mode - [ preamble ] result:
* driver: pdftex
* paper: <default>
* layout: <same size as paper>
* layoutoffset:(h,v)=(0.0pt,0.0pt)
* modes: twoside 
* h-part:(L,W,R)=(108.12047pt, 452.1143pt, 54.06023pt)
* v-part:(T,H,B)=(56.9055pt, 681.15898pt, 56.9055pt)
* \paperwidth=614.295pt
* \paperheight=794.96999pt
* \textwidth=452.1143pt
* \textheight=681.15898pt
* \oddsidemargin=35.85048pt
* \evensidemargin=-18.20976pt
* \topmargin=-52.36449pt
* \headheight=12.0pt
* \headsep=25.0pt
* \topskip=11.0pt
* \footskip=30.0pt
* \marginparwidth=113.0pt
* \marginparsep=10.0pt
* \columnsep=10.0pt
* \skip\footins=10.0pt plus 4.0pt minus 2.0pt
* \hoffset=0.0pt
* \voffset=0.0pt
* \mag=1000
* \@twocolumnfalse
* \@twosidetrue
* \@mparswitchtrue
* \@reversemarginfalse
* (1in=72.27pt=25.4mm, 1cm=28.453pt)

\AtBeginShipoutBox=\box61
Package hyperref Info: Link coloring OFF on input line 44.
(/usr/local/texlive/2018/texmf-dist/tex/latex/hyperref/nameref.sty
Package: nameref 2016/05/21 v2.44 Cross-referencing by name of section

(/usr/local/texlive/2018/texmf-dist/tex/generic/oberdiek/gettitlestring.sty
Package: gettitlestring 2016/05/16 v1.5 Cleanup title references (HO)
)
\c@section@level=\count143
)
LaTeX Info: Redefining \ref on input line 44.
LaTeX Info: Redefining \pageref on input line 44.
LaTeX Info: Redefining \nameref on input line 44.

(./main.out) (./main.out)
\@outlinefile=\write3
\openout3 = `main.out'.

*geometry* verbose mode - [ newgeometry ] result:
* driver: pdftex
* paper: <default>
* layout: <same size as paper>
* layoutoffset:(h,v)=(0.0pt,0.0pt)
* modes: twoside 
* h-part:(L,W,R)=(72.26999pt, 469.75502pt, 72.26999pt)
* v-part:(T,H,B)=(72.26999pt, 650.43001pt, 72.26999pt)
* \paperwidth=614.295pt
* \paperheight=794.96999pt
* \textwidth=469.75502pt
* \textheight=650.43001pt
* \oddsidemargin=0.0pt
* \evensidemargin=0.0pt
* \topmargin=-37.0pt
* \headheight=12.0pt
* \headsep=25.0pt
* \topskip=11.0pt
* \footskip=30.0pt
* \marginparwidth=113.0pt
* \marginparsep=10.0pt
* \columnsep=10.0pt
* \skip\footins=10.0pt plus 4.0pt minus 2.0pt
* \hoffset=0.0pt
* \voffset=0.0pt
* \mag=1000
* \@twocolumnfalse
* \@twosidetrue
* \@mparswitchtrue
* \@reversemarginfalse
* (1in=72.27pt=25.4mm, 1cm=28.453pt)

<images/southampton_logo.png, id=127, 319.1925pt x 159.59625pt>
File: images/southampton_logo.png Graphic file (type png)
<use images/southampton_logo.png>
Package pdftex.def Info: images/southampton_logo.png  used on input line 52.
(pdftex.def)             Requested size: 223.43321pt x 111.7166pt.
 [1


{/usr/local/texlive/2018/texmf-var/fonts/map/pdftex/updmap/pdftex.map} <./image
s/southampton_logo.png>] [2

]
Underfull \hbox (badness 10000) in paragraph at lines 72--75

 []


Package Fancyhdr Warning: \headheight is too small (12.0pt): 
 Make it at least 13.59999pt.
 We now make it that large for the rest of the document.
 This may cause the page layout to be inconsistent, however.

[1

] [2] (./main.toc)
\tf@toc=\write4
\openout4 = `main.toc'.

 [3]
Underfull \hbox (badness 10000) in paragraph at lines 107--108

 []

[4] [5] [6

] (/usr/local/texlive/2018/texmf-dist/tex/latex/ucs/data/uni-32.def
File: uni-32.def 2013/05/13 UCS: Unicode data U+2000..U+20FF
)pdfTeX warning (ext4): destination with the same identifier (name{page.1}) has
 been already used, duplicate ignored
<to be read again> 
                   \relax 
l.149 
       [1]pdfTeX warning (ext4): destination with the same identifier (name{pag
e.2}) has been already used, duplicate ignored
<to be read again> 
                   \relax 
l.163 E
       ach game of \textit{Asteroid Mining Poker} is hosted on a private ser...
[2]
<images/NewGameDesign.pdf, id=247, 542.025pt x 782.925pt>
File: images/NewGameDesign.pdf Graphic file (type pdf)
<use images/NewGameDesign.pdf>
Package pdftex.def Info: images/NewGameDesign.pdf  used on input line 171.
(pdftex.def)             Requested size: 424.43192pt x 613.06834pt.

Underfull \hbox (badness 1527) in paragraph at lines 187--187
[]|\OT1/cmr/m/n/10.95 Base re-ward /
 []


Underfull \hbox (badness 3977) in paragraph at lines 188--188
[]|\OT1/cmr/m/n/10.95 Hidden re-ward
 []


Underfull \hbox (badness 3861) in paragraph at lines 190--190
[]|\OT1/cmr/m/n/10.95 Unseen re-ward
 []

[3] [4 <./images/NewGameDesign.pdf>] [5] [6] [7] [8]
Underfull \hbox (badness 4531) in paragraph at lines 302--302
[]|\OT1/cmr/m/n/10.95 Player not launch-ing for
 []


Underfull \hbox (badness 10000) in paragraph at lines 303--303
[]|\OT1/cmr/m/n/10.95 Player al-ways launches
 []


Underfull \hbox (badness 1910) in paragraph at lines 306--306
[]|\OT1/cmr/m/n/10.95 Player will al-ways launch
 []

[9]
<images/MCTS.pdf, id=355, 597.23125pt x 845.1575pt>
File: images/MCTS.pdf Graphic file (type pdf)
<use images/MCTS.pdf>
Package pdftex.def Info: images/MCTS.pdf  used on input line 325.
(pdftex.def)             Requested size: 319.49277pt x 452.1143pt.
 [10] [11 <./images/MCTS.pdf>]
Underfull \hbox (badness 10000) in paragraph at lines 374--375

 []

[12pdfTeX warning (ext4): destination with the same identifier (name{equation.2
.3}) has been already used, duplicate ignored

\AtBegShi@Output ...ipout \box \AtBeginShipoutBox 
                                                  \fi \fi 
l.380 
      ]pdfTeX warning (ext4): destination with the same identifier (name{equati
on.2.4}) has been already used, duplicate ignored
<to be read again> 
                   \relax 
l.381 \begin{equation}
                      pdfTeX warning (ext4): destination with the same identifi
er (name{equation.2.4}) has been already used, duplicate ignored
<to be read again> 
                   \relax 
l.381 \begin{equation}
                      pdfTeX warning (ext4): destination with the same identifi
er (name{equation.2.4}) has been already used, duplicate ignored
<to be read again> 
                   \relax 
l.381 \begin{equation}
                      pdfTeX warning (ext4): destination with the same identifi
er (name{equation.2.4}) has been already used, duplicate ignored
<to be read again> 
                   \relax 
l.381 \begin{equation}
                      
(/usr/local/texlive/2018/texmf-dist/tex/latex/ucs/data/uni-34.def
File: uni-34.def 2013/05/13 UCS: Unicode data U+2200..U+22FF
) [13]
LaTeX Font Info:    Try loading font information for OMS+cmr on input line 433.


(/usr/local/texlive/2018/texmf-dist/tex/latex/base/omscmr.fd
File: omscmr.fd 2014/09/29 v2.5h Standard LaTeX font definitions
)
LaTeX Font Info:    Font shape `OMS/cmr/m/n' in size <10.95> not available
(Font)              Font shape `OMS/cmsy/m/n' tried instead on input line 433.
 [14pdfTeX warning (ext4): destination with the same identifier (name{equation.
2.8}) has been already used, duplicate ignored

\AtBegShi@Output ...ipout \box \AtBeginShipoutBox 
                                                  \fi \fi 
l.442 \newpage
              pdfTeX warning (ext4): destination with the same identifier (name
{equation.2.8}) has been already used, duplicate ignored

\AtBegShi@Output ...ipout \box \AtBeginShipoutBox 
                                                  \fi \fi 
l.442 \newpage
              ]
<images/base_distribution.pdf, id=434, 433.62pt x 271.7573pt>
File: images/base_distribution.pdf Graphic file (type pdf)
<use images/base_distribution.pdf>
Package pdftex.def Info: images/base_distribution.pdf  used on input line 462.
(pdftex.def)             Requested size: 452.1143pt x 283.36316pt.


LaTeX Warning: `!h' float specifier changed to `!ht'.


Underfull \hbox (badness 10000) in paragraph at lines 475--476

 []


Underfull \hbox (badness 10000) in paragraph at lines 475--476

 []

<images/base_tech.pdf, id=440, 433.62pt x 289.08pt>
File: images/base_tech.pdf Graphic file (type pdf)
<use images/base_tech.pdf>
Package pdftex.def Info: images/base_tech.pdf  used on input line 489.
(pdftex.def)             Requested size: 221.53848pt x 147.6935pt.
<images/auction_tech.pdf, id=441, 433.62pt x 289.08pt>
File: images/auction_tech.pdf Graphic file (type pdf)
<use images/auction_tech.pdf>
Package pdftex.def Info: images/auction_tech.pdf  used on input line 493.
(pdftex.def)             Requested size: 221.53848pt x 147.6935pt.
[15]
Underfull \vbox (badness 1122) has occurred while \output is active []

 [16 <./images/base_distribution.pdf> <./images/base_tech.pdf

pdfTeX warning: /Library/TeX/texbin/pdflatex (file ./images/base_tech.pdf): PDF
 inclusion: multiple pdfs with page group included in a single page
> <./images/auction_tech.pdf

pdfTeX warning: /Library/TeX/texbin/pdflatex (file ./images/auction_tech.pdf): 
PDF inclusion: multiple pdfs with page group included in a single page
>]
<images/tech_function.pdf, id=559, 433.62pt x 289.08pt>
File: images/tech_function.pdf Graphic file (type pdf)
<use images/tech_function.pdf>
Package pdftex.def Info: images/tech_function.pdf  used on input line 509.
(pdftex.def)             Requested size: 452.1143pt x 301.42566pt.

Underfull \vbox (badness 2671) has occurred while \output is active []

 [17 <./images/tech_function.pdf>]
<images/hidden_distribution.pdf, id=618, 433.62pt x 289.08pt>
File: images/hidden_distribution.pdf Graphic file (type pdf)
<use images/hidden_distribution.pdf>
Package pdftex.def Info: images/hidden_distribution.pdf  used on input line 528
.
(pdftex.def)             Requested size: 433.61894pt x 289.07928pt.
 [18 <./images/hidden_distribution.pdf>]
<images/mission_failure_tech.pdf, id=669, 433.62pt x 289.08pt>
File: images/mission_failure_tech.pdf Graphic file (type pdf)
<use images/mission_failure_tech.pdf>
Package pdftex.def Info: images/mission_failure_tech.pdf  used on input line 54
1.
(pdftex.def)             Requested size: 433.61894pt x 289.07928pt.
 [19 <./images/mission_failure_tech.pdf>]
<images/normgame_t7.png, id=716, 383.031pt x 272.4579pt>
File: images/normgame_t7.png Graphic file (type png)
<use images/normgame_t7.png>
Package pdftex.def Info: images/normgame_t7.png  used on input line 565.
(pdftex.def)             Requested size: 221.53848pt x 157.58916pt.
<images/normgame_aspent.png, id=718, 407.6028pt x 267.399pt>
File: images/normgame_aspent.png Graphic file (type png)
<use images/normgame_aspent.png>
Package pdftex.def Info: images/normgame_aspent.png  used on input line 569.
(pdftex.def)             Requested size: 221.53848pt x 145.33583pt.
<images/normgame_amined.png, id=719, 349.7868pt x 248.6088pt>
File: images/normgame_amined.png Graphic file (type png)
<use images/normgame_amined.png>
Package pdftex.def Info: images/normgame_amined.png  used on input line 573.
(pdftex.def)             Requested size: 176.3243pt x 125.32072pt.

Underfull \hbox (badness 2318) in paragraph at lines 574--574
[]\OT1/cmr/m/n/10 (c) |Frac-tion of as-ter-oids mined per
 []

<images/normgame_bank.png, id=720, 508.0581pt x 272.4579pt>
File: images/normgame_bank.png Graphic file (type png)
<use images/normgame_bank.png>
Package pdftex.def Info: images/normgame_bank.png  used on input line 577.
(pdftex.def)             Requested size: 266.74577pt x 143.055pt.
[20 <./images/normgame_t7.png> <./images/normgame_aspent.png> <./images/normgam
e_amined.png> <./images/normgame_bank.png>]
<images/macro_analysis3.pdf, id=737, 433.62pt x 289.08pt>
File: images/macro_analysis3.pdf Graphic file (type pdf)
<use images/macro_analysis3.pdf>
Package pdftex.def Info: images/macro_analysis3.pdf  used on input line 601.
(pdftex.def)             Requested size: 221.53848pt x 147.6935pt.
<images/macro_analysis4.pdf, id=738, 433.62pt x 289.08pt>
File: images/macro_analysis4.pdf Graphic file (type pdf)
<use images/macro_analysis4.pdf>
Package pdftex.def Info: images/macro_analysis4.pdf  used on input line 605.
(pdftex.def)             Requested size: 221.53848pt x 147.6935pt.
<images/macro_analysis1.pdf, id=739, 508.26762pt x 271.79512pt>
File: images/macro_analysis1.pdf Graphic file (type pdf)
<use images/macro_analysis1.pdf>
Package pdftex.def Info: images/macro_analysis1.pdf  used on input line 609.
(pdftex.def)             Requested size: 316.47862pt x 169.24113pt.
 [21]
<images/cartel_analysis4.png, id=749, 433.62pt x 289.08pt>
File: images/cartel_analysis4.png Graphic file (type png)
<use images/cartel_analysis4.png>
Package pdftex.def Info: images/cartel_analysis4.png  used on input line 624.
(pdftex.def)             Requested size: 189.88718pt x 126.59128pt.
<images/cartel_analysis1.png, id=750, 508.0581pt x 272.4579pt>
File: images/cartel_analysis1.png Graphic file (type png)
<use images/cartel_analysis1.png>
Package pdftex.def Info: images/cartel_analysis1.png  used on input line 628.
(pdftex.def)             Requested size: 257.70845pt x 138.2075pt.

Underfull \vbox (badness 1331) has occurred while \output is active []

 [22 <./images/macro_analysis3.pdf> <./images/macro_analysis4.pdf

pdfTeX warning: /Library/TeX/texbin/pdflatex (file ./images/macro_analysis4.pdf
): PDF inclusion: multiple pdfs with page group included in a single page
> <./images/macro_analysis1.pdf

pdfTeX warning: /Library/TeX/texbin/pdflatex (file ./images/macro_analysis1.pdf
): PDF inclusion: multiple pdfs with page group included in a single page
>]
<images/cartel_boss.png, id=877, 508.0581pt x 272.4579pt>
File: images/cartel_boss.png Graphic file (type png)
<use images/cartel_boss.png>
Package pdftex.def Info: images/cartel_boss.png  used on input line 641.
(pdftex.def)             Requested size: 361.69281pt x 193.97443pt.
 [23 <./images/cartel_analysis4.png> <./images/cartel_analysis1.png> <./images/
cartel_boss.png>]
<images/HistoryOfReport.pdf, id=888, 963.6pt x 542.025pt>
File: images/HistoryOfReport.pdf Graphic file (type pdf)
<use images/HistoryOfReport.pdf>
Package pdftex.def Info: images/HistoryOfReport.pdf  used on input line 654.
(pdftex.def)             Requested size: 452.1143pt x 254.31343pt.
 [24 <./images/HistoryOfReport.pdf>] [25]
Underfull \vbox (badness 3690) has occurred while \output is active []

 [26]
[27] [28] [29] (./main.bbl
Underfull \hbox (badness 10000) in paragraph at lines 46--49
[]\OT1/cmr/m/n/10.95 M. Shor, ``Non-cooperative game.'' http://www.gametheory.n
et/dictionary/Non-
 []

[30]) [31] [32] [33] [34]
Overfull \hbox (4.16718pt too wide) in alignment at lines 851--855
 [] [] [] 
 []


Overfull \hbox (4.16718pt too wide) in alignment at lines 855--858
 [] [] [] 
 []


Overfull \hbox (4.16718pt too wide) in alignment at lines 858--860
 [] [] [] 
 []


Overfull \hbox (4.16718pt too wide) in alignment at lines 860--862
 [] [] [] 
 []


Underfull \hbox (badness 3907) in paragraph at lines 864--864
[]|\OT1/cmr/m/n/10.95 Line graph show-ing tech
 []


Underfull \hbox (badness 4505) in paragraph at lines 864--864
[]|\OT1/cmr/m/n/10.95 Can see a player's tech
 []


Underfull \hbox (badness 2027) in paragraph at lines 865--865
[]|\OT1/cmr/m/n/10.95 Line graph show-ing bank
 []


Underfull \hbox (badness 7221) in paragraph at lines 866--866
[]|\OT1/cmr/m/n/10.95 Line graph show-ing per
 []


Underfull \hbox (badness 1975) in paragraph at lines 866--866
\OT1/cmr/m/n/10.95 ward, fi-nal auc-tion price,
 []


Underfull \hbox (badness 5064) in paragraph at lines 866--866
[]|\OT1/cmr/m/n/10.95 Can see av-er-age auc-tion
 []


Underfull \hbox (badness 5077) in paragraph at lines 866--867
[]|\OT1/cmr/m/n/10.95 Can judge a good auc-
 []


Underfull \hbox (badness 4686) in paragraph at lines 868--868
\OT1/cmr/m/n/10.95 auc-tions in a game per
 []


Underfull \hbox (badness 1137) in paragraph at lines 868--868
\OT1/cmr/m/n/10.95 play-ers are com-mit-ting to
 []


Underfull \hbox (badness 3138) in paragraph at lines 869--869
[]|\OT1/cmr/m/n/10.95 Can see how much tech
 []


Underfull \hbox (badness 10000) in paragraph at lines 869--870
[]|\OT1/cmr/m/n/10.95 Can com-pare to fi-nal
 []


Underfull \hbox (badness 1852) in paragraph at lines 869--870
\OT1/cmr/m/n/10.95 bankroll pie chart to see
 []


Overfull \hbox (4.16718pt too wide) in alignment at lines 862--873
 [] [] [] 
 []

[35]
File: images/HistoryOfReport.pdf Graphic file (type pdf)
<use images/HistoryOfReport.pdf>
Package pdftex.def Info: images/HistoryOfReport.pdf  used on input line 882.
(pdftex.def)             Requested size: 613.03893pt x 344.84369pt.


LaTeX Warning: `h' float specifier changed to `ht'.

Package atveryend Info: Empty hook `BeforeClearDocument' on input line 887.
[36] [37]
Package atveryend Info: Empty hook `AfterLastShipout' on input line 887.
 (./main.aux)
Package atveryend Info: Executing hook `AtVeryEndDocument' on input line 887.
Package atveryend Info: Executing hook `AtEndAfterFileList' on input line 887.
Package rerunfilecheck Info: File `main.out' has not changed.
(rerunfilecheck)             Checksum: 21AF085E261001DF5D2CB65629E6033A;1950.
Package atveryend Info: Empty hook `AtVeryVeryEnd' on input line 887.
 ) 
Here is how much of TeX's memory you used:
 9810 strings out of 492649
 145164 string characters out of 6129621
 264177 words of memory out of 5000000
 13374 multiletter control sequences out of 15000+600000
 12133 words of font info for 43 fonts, out of 8000000 for 9000
 1141 hyphenation exceptions out of 8191
 42i,11n,49p,1398b,580s stack positions out of 5000i,500n,10000p,200000b,80000s
</usr/local/texlive/2018/texmf-dist/fonts/type1/public/amsfonts/cm/cmbx10.pfb
></usr/local/texlive/2018/texmf-dist/fonts/type1/public/amsfonts/cm/cmbx12.pfb>
</usr/local/texlive/2018/texmf-dist/fonts/type1/public/amsfonts/cm/cmcsc10.pfb>
</usr/local/texlive/2018/texmf-dist/fonts/type1/public/amsfonts/cm/cmex10.pfb><
/usr/local/texlive/2018/texmf-dist/fonts/type1/public/amsfonts/cm/cmmi10.pfb></
usr/local/texlive/2018/texmf-dist/fonts/type1/public/amsfonts/cm/cmmi8.pfb></us
r/local/texlive/2018/texmf-dist/fonts/type1/public/amsfonts/cm/cmr10.pfb></usr/
local/texlive/2018/texmf-dist/fonts/type1/public/amsfonts/cm/cmr12.pfb></usr/lo
cal/texlive/2018/texmf-dist/fonts/type1/public/amsfonts/cm/cmr6.pfb></usr/local
/texlive/2018/texmf-dist/fonts/type1/public/amsfonts/cm/cmr8.pfb></usr/local/te
xlive/2018/texmf-dist/fonts/type1/public/amsfonts/cm/cmsy10.pfb></usr/local/tex
live/2018/texmf-dist/fonts/type1/public/amsfonts/cm/cmsy8.pfb></usr/local/texli
ve/2018/texmf-dist/fonts/type1/public/amsfonts/cm/cmti10.pfb></usr/local/texliv
e/2018/texmf-dist/fonts/type1/public/amsfonts/cm/cmti12.pfb></usr/local/texlive
/2018/texmf-dist/fonts/type1/public/amsfonts/cm/cmtt10.pfb>
Output written on main.pdf (45 pages, 841701 bytes).
PDF statistics:
 1111 PDF objects out of 1200 (max. 8388607)
 705 compressed objects within 8 object streams
 165 named destinations out of 1000 (max. 500000)
 349 words of extra memory for PDF output out of 10000 (max. 10000000)

